2024-12-02 16:56:20 - bot_logger - INFO - Бот успешно инициализирован и пользователи загружены.
2024-12-02 16:56:49 - bot_logger - INFO - Пользователь 438251622 запустил команду /start.
2024-12-02 16:56:49 - bot_logger - DEBUG - Пользователь 438251622 не зарегистрирован. Добавлена кнопка 'Купить билет'.
2024-12-02 16:56:49 - bot_logger - DEBUG - Добавлены общие кнопки для пользователя 438251622.
2024-12-02 16:56:49 - bot_logger - INFO - Отправлено приветственное сообщение пользователю 438251622.
2024-12-02 18:58:28 - bot_logger - INFO - Бот успешно инициализирован и пользователи загружены.
2024-12-02 18:58:40 - bot_logger - INFO - Пользователь 438251622 запустил команду /start.
2024-12-02 18:58:41 - bot_logger - INFO - Отправлено приветственное сообщение пользователю 438251622.
2024-12-02 20:28:53 - bot_logger - INFO - Бот успешно инициализирован и пользователи загружены.
2024-12-02 20:29:19 - bot_logger - INFO - Пользователь 438251622 запустил команду /start.
2024-12-02 20:29:20 - bot_logger - DEBUG - Отправлено меню 'main_menu_new' пользователю 438251622.
2024-12-02 20:29:20 - bot_logger - INFO - Отправлено приветственное сообщение пользователю 438251622.
2024-12-02 20:29:21 - bot_logger - DEBUG - Вызван обработчик для callback_data: buy_ticket от пользователя 438251622.
2024-12-02 20:29:21 - bot_logger - DEBUG - Пользователь 438251622 инициировал покупку билета.
2024-12-02 20:29:22 - bot_logger - INFO - Отправлены инструкции по оплате пользователю 438251622.
2024-12-02 20:29:22 - bot_logger - DEBUG - Пользователь 438251622 переведен в состояние ожидания имени.
2024-12-02 20:29:29 - bot_logger - DEBUG - Пользователь 438251622 начал обработку имени.
2024-12-02 20:29:29 - bot_logger - DEBUG - Пользователь 438251622 ввёл имя: 'Линьков Владимир Андреевич'.
2024-12-02 20:29:29 - bot_logger - INFO - Пользователь 438251622 установил ФИО: Линьков Владимир Андреевич.
2024-12-02 20:30:48 - bot_logger - INFO - Бот успешно инициализирован и пользователи загружены.
2024-12-02 20:31:03 - bot_logger - INFO - Бот успешно инициализирован и пользователи загружены.
2024-12-02 20:31:08 - bot_logger - INFO - Бот успешно инициализирован и пользователи загружены.
2024-12-02 20:31:09 - bot_logger - INFO - Пользователь 438251622 запустил команду /start.
2024-12-02 20:31:09 - bot_logger - DEBUG - Отправлено меню 'main_menu_new' пользователю 438251622.
2024-12-02 20:31:09 - bot_logger - INFO - Отправлено приветственное сообщение пользователю 438251622.
2024-12-02 20:31:15 - bot_logger - DEBUG - Вызван обработчик для callback_data: buy_ticket от пользователя 438251622.
2024-12-02 20:31:15 - bot_logger - DEBUG - Пользователь 438251622 инициировал покупку билета.
2024-12-02 20:31:15 - bot_logger - INFO - Отправлены инструкции по оплате пользователю 438251622.
2024-12-02 20:31:15 - bot_logger - DEBUG - Пользователь 438251622 переведен в состояние ожидания имени.
2024-12-02 20:31:21 - bot_logger - DEBUG - Пользователь 438251622 начал обработку имени.
2024-12-02 20:31:21 - bot_logger - DEBUG - Пользователь 438251622 ввёл имя: 'Линьков Владимир Андреевич'.
2024-12-02 20:31:21 - bot_logger - INFO - Пользователь 438251622 установил ФИО: Линьков Владимир Андреевич.
2024-12-02 20:31:23 - bot_logger - DEBUG - Пользователь 438251622 отправил название ВУЗа: вшэ.
2024-12-02 20:31:23 - bot_logger - INFO - Пользователь 438251622 установил ВУЗ: вшэ.
2024-12-02 20:31:23 - bot_logger - DEBUG - Пользователь 438251622 переведен в состояние ожидания факультета.
2024-12-02 20:31:23 - bot_logger - ERROR - Меню 'faculty_menu' не найдено в конфигурации.
2024-12-02 20:31:23 - bot_logger - DEBUG - Отправлена клавиатура факультетов пользователю 438251622.
2024-12-02 21:31:39 - bot_logger - INFO - Бот успешно инициализирован и пользователи загружены.
2024-12-02 21:31:50 - bot_logger - INFO - Пользователь 438251622 запустил команду /start.
2024-12-02 21:31:51 - bot_logger - DEBUG - Отправлено меню 'main_menu_new' пользователю 438251622.
2024-12-02 21:32:18 - bot_logger - DEBUG - Вызван обработчик для callback_data: buy_ticket от пользователя 438251622.
2024-12-02 21:32:18 - bot_logger - DEBUG - Пользователь 438251622 инициировал покупку билета.
2024-12-02 21:32:19 - bot_logger - INFO - Отправлены инструкции по оплате пользователю 438251622.
2024-12-02 21:32:19 - bot_logger - DEBUG - Пользователь 438251622 переведен в состояние ожидания имени.
2024-12-02 21:32:24 - bot_logger - DEBUG - Пользователь 438251622 начал обработку имени.
2024-12-02 21:32:24 - bot_logger - DEBUG - Пользователь 438251622 ввёл имя: 'линьков владимир андреевич'.
2024-12-02 21:32:24 - bot_logger - INFO - Пользователь 438251622 установил ФИО: линьков владимир андреевич.
2024-12-02 21:32:26 - bot_logger - DEBUG - Пользователь 438251622 отправил название ВУЗа: вшэ.
2024-12-02 21:32:26 - bot_logger - INFO - Пользователь 438251622 установил ВУЗ: вшэ.
2024-12-02 21:32:26 - bot_logger - DEBUG - Пользователь 438251622 переведен в состояние ожидания факультета.
2024-12-02 21:32:26 - bot_logger - ERROR - Меню 'faculty_menu' не найдено в конфигурации.
2024-12-02 21:32:26 - bot_logger - DEBUG - Отправлена клавиатура факультетов пользователю 438251622.
2024-12-02 21:36:25 - bot_logger - INFO - Бот успешно инициализирован и пользователи загружены.
2024-12-02 21:36:33 - bot_logger - INFO - Пользователь 438251622 запустил команду /start.
2024-12-02 21:36:33 - bot_logger - DEBUG - Отправлено меню 'main_menu_new' пользователю 438251622.
2024-12-02 21:36:34 - bot_logger - DEBUG - Вызван обработчик для callback_data: buy_ticket от пользователя 438251622.
2024-12-02 21:36:34 - bot_logger - DEBUG - Пользователь 438251622 инициировал покупку билета.
2024-12-02 21:36:35 - bot_logger - INFO - Отправлены инструкции по оплате пользователю 438251622.
2024-12-02 21:36:35 - bot_logger - DEBUG - Пользователь 438251622 переведен в состояние ожидания имени.
2024-12-02 21:36:42 - bot_logger - DEBUG - Пользователь 438251622 начал обработку имени.
2024-12-02 21:36:42 - bot_logger - DEBUG - Пользователь 438251622 ввёл имя: 'линьков владимир андреевич'.
2024-12-02 21:36:42 - bot_logger - INFO - Пользователь 438251622 установил ФИО: линьков владимир андреевич.
2024-12-02 21:36:43 - bot_logger - DEBUG - Пользователь 438251622 отправил название ВУЗа: вшэ.
2024-12-02 21:36:43 - bot_logger - INFO - Пользователь 438251622 установил ВУЗ: вшэ.
2024-12-02 21:36:43 - bot_logger - DEBUG - Пользователь 438251622 переведен в состояние ожидания факультета.
2024-12-02 21:36:43 - bot_logger - ERROR - Меню 'faculty_menu' не найдено в конфигурации.
2024-12-02 21:36:43 - bot_logger - DEBUG - Отправлена клавиатура факультетов пользователю 438251622.
2024-12-02 21:38:40 - bot_logger - INFO - Бот успешно инициализирован и пользователи загружены.
2024-12-02 21:38:47 - bot_logger - INFO - Пользователь 438251622 запустил команду /start.
2024-12-02 21:38:47 - bot_logger - DEBUG - Отправлено меню 'main_menu_new' пользователю 438251622.
2024-12-02 21:38:48 - bot_logger - DEBUG - Вызван обработчик для callback_data: buy_ticket от пользователя 438251622.
2024-12-02 21:38:48 - bot_logger - DEBUG - Пользователь 438251622 инициировал покупку билета.
2024-12-02 21:38:49 - bot_logger - INFO - Отправлены инструкции по оплате пользователю 438251622.
2024-12-02 21:38:49 - bot_logger - DEBUG - Пользователь 438251622 переведен в состояние ожидания имени.
2024-12-02 21:38:53 - bot_logger - DEBUG - Пользователь 438251622 начал обработку имени.
2024-12-02 21:38:53 - bot_logger - DEBUG - Пользователь 438251622 ввёл имя: 'линьков владимир андреевич'.
2024-12-02 21:38:53 - bot_logger - INFO - Пользователь 438251622 установил ФИО: линьков владимир андреевич.
2024-12-02 21:38:54 - bot_logger - DEBUG - Пользователь 438251622 отправил название ВУЗа: вшэ.
2024-12-02 21:38:54 - bot_logger - INFO - Пользователь 438251622 установил ВУЗ: вшэ.
2024-12-02 21:38:54 - bot_logger - DEBUG - Пользователь 438251622 переведен в состояние ожидания факультета.
2024-12-02 21:38:55 - bot_logger - DEBUG - Отправлено меню 'faculty_menu' пользователю 438251622.
2024-12-02 21:38:55 - bot_logger - DEBUG - Отправлена клавиатура факультетов пользователю 438251622.
2024-12-02 21:38:56 - bot_logger - DEBUG - Вызван обработчик для callback_data: faculty_natural_studies от пользователя 438251622.
2024-12-02 21:38:56 - bot_logger - DEBUG - Пользователь 438251622 выбрал факультет: faculty_natural_studies.
2024-12-02 21:38:56 - bot_logger - INFO - Пользователь 438251622 установил факультет: Естественные науки.
2024-12-02 21:38:56 - bot_logger - DEBUG - Пользователь 438251622 переведен в состояние ожидания источника информации.
2024-12-02 21:38:56 - bot_logger - DEBUG - Отправлено меню 'info_source_menu' пользователю 438251622.
2024-12-02 21:38:58 - bot_logger - DEBUG - Вызван обработчик для callback_data: info_source_friends от пользователя 438251622.
2024-12-02 21:38:58 - bot_logger - DEBUG - Пользователь 438251622 выбрал источник информации: info_source_friends.
2024-12-02 21:38:58 - bot_logger - INFO - Пользователь 438251622 установил источник информации: От друзей.
2024-12-02 21:38:58 - bot_logger - DEBUG - Пользователь 438251622 переведен в состояние ожидания подтверждения.
2024-12-02 21:38:58 - bot_logger - DEBUG - Отправлено меню 'confirmation_menu' пользователю 438251622.
2024-12-02 21:44:43 - bot_logger - INFO - Пользователь 438251622 запустил команду /start.
2024-12-02 21:44:58 - bot_logger - INFO - Бот успешно инициализирован и пользователи загружены.
2024-12-02 21:45:06 - bot_logger - INFO - Пользователь 438251622 запустил команду /start.
2024-12-02 21:45:06 - bot_logger - DEBUG - Отправлено меню 'main_menu_new' пользователю 438251622.
2024-12-02 21:45:20 - bot_logger - DEBUG - Вызван обработчик для callback_data: buy_ticket от пользователя 438251622.
2024-12-02 21:45:20 - bot_logger - DEBUG - Пользователь 438251622 инициировал покупку билета.
2024-12-02 21:45:20 - bot_logger - INFO - Отправлены инструкции по оплате пользователю 438251622.
2024-12-02 21:45:20 - bot_logger - DEBUG - Пользователь 438251622 переведен в состояние ожидания имени.
2024-12-02 21:45:24 - bot_logger - DEBUG - Пользователь 438251622 начал обработку имени.
2024-12-02 21:45:24 - bot_logger - DEBUG - Пользователь 438251622 ввёл имя: 'линьков'.
2024-12-02 21:45:24 - bot_logger - INFO - Пользователь 438251622 установил ФИО: линьков.
2024-12-02 21:45:26 - bot_logger - DEBUG - Пользователь 438251622 отправил название ВУЗа: вшэ.
2024-12-02 21:45:26 - bot_logger - INFO - Пользователь 438251622 установил ВУЗ: вшэ.
2024-12-02 21:45:26 - bot_logger - DEBUG - Пользователь 438251622 переведен в состояние ожидания факультета.
2024-12-02 21:45:26 - bot_logger - DEBUG - Отправлено меню 'faculty_menu' пользователю 438251622.
2024-12-02 21:45:26 - bot_logger - DEBUG - Отправлена клавиатура факультетов пользователю 438251622.
2024-12-02 21:45:28 - bot_logger - DEBUG - Вызван обработчик для callback_data: faculty_social_studies от пользователя 438251622.
2024-12-02 21:45:28 - bot_logger - DEBUG - Пользователь 438251622 выбрал факультет: faculty_social_studies.
2024-12-02 21:45:28 - bot_logger - INFO - Пользователь 438251622 установил факультет: Социальные науки.
2024-12-02 21:45:28 - bot_logger - DEBUG - Пользователь 438251622 переведен в состояние ожидания источника информации.
2024-12-02 21:45:28 - bot_logger - DEBUG - Отправлено меню 'info_source_menu' пользователю 438251622.
2024-12-02 21:45:30 - bot_logger - DEBUG - Вызван обработчик для callback_data: info_source_social от пользователя 438251622.
2024-12-02 21:45:30 - bot_logger - DEBUG - Пользователь 438251622 выбрал источник информации: info_source_social.
2024-12-02 21:45:30 - bot_logger - INFO - Пользователь 438251622 установил источник информации: Из соцсетей.
2024-12-02 21:45:30 - bot_logger - DEBUG - Пользователь 438251622 переведен в состояние ожидания подтверждения.
2024-12-02 21:45:30 - bot_logger - DEBUG - Отправлено меню 'confirmation_menu' пользователю 438251622.
2024-12-02 21:45:54 - bot_logger - DEBUG - Вызван обработчик для callback_data: confirm_yes от пользователя 438251622.
2024-12-02 21:45:54 - bot_logger - DEBUG - Пользователь 438251622 отправил подтверждение: confirm_yes.
2024-12-02 21:45:54 - bot_logger - INFO - Пользователь 438251622 подтвердил данные и зарегистрировался.
2024-12-02 21:45:55 - bot_logger - DEBUG - Отправлено меню 'main_menu_registered' пользователю 438251622.
2024-12-02 21:45:55 - bot_logger - DEBUG - Отправлено подтверждение регистрации пользователю 438251622.
2024-12-02 21:46:22 - bot_logger - INFO - Пользователь 438251622 запустил команду /start.
2024-12-02 21:46:22 - bot_logger - DEBUG - Отправлено меню 'main_menu_registered' пользователю 438251622.
2024-12-02 21:46:26 - bot_logger - INFO - Пользователь 438251622 запустил команду /start.
2024-12-02 21:46:27 - bot_logger - DEBUG - Отправлено меню 'main_menu_registered' пользователю 438251622.
2024-12-02 21:46:48 - bot_logger - DEBUG - Вызван обработчик для callback_data: check_payment от пользователя 438251622.
2024-12-02 21:46:48 - bot_logger - DEBUG - Загружен список валидных оплат: {}.
2024-12-02 21:46:48 - bot_logger - DEBUG - Отправлено меню 'payment_error_menu' пользователю 438251622.
2024-12-02 21:46:48 - bot_logger - WARNING - Пользователь 438251622 не найден в списке валидных оплат.
2024-12-02 21:46:51 - bot_logger - WARNING - Неизвестная команда callback_data: event_info от пользователя 438251622.
2024-12-02 21:48:01 - bot_logger - INFO - Пользователь 438251622 запустил команду /start.
2024-12-02 21:48:01 - bot_logger - DEBUG - Отправлено меню 'main_menu_registered' пользователю 438251622.
2024-12-02 21:48:05 - bot_logger - WARNING - Неизвестная команда callback_data: event_info от пользователя 438251622.
2024-12-02 21:48:14 - bot_logger - INFO - Бот успешно инициализирован и пользователи загружены.
2024-12-02 21:48:19 - bot_logger - INFO - Бот успешно инициализирован и пользователи загружены.
2024-12-02 21:48:24 - bot_logger - INFO - Бот успешно инициализирован и пользователи загружены.
2024-12-02 21:48:27 - bot_logger - INFO - Пользователь 438251622 запустил команду /start.
2024-12-02 21:48:27 - bot_logger - DEBUG - Отправлено меню 'main_menu_registered' пользователю 438251622.
2024-12-02 21:48:28 - bot_logger - DEBUG - Вызван обработчик для callback_data: event_info от пользователя 438251622.
2024-12-02 21:48:28 - bot_logger - DEBUG - Отправлено меню 'event_info_menu' пользователю 438251622.
2024-12-02 21:48:28 - bot_logger - DEBUG - Отправлено меню информации о мероприятии пользователю 438251622.
2024-12-02 21:48:34 - bot_logger - DEBUG - Вызван обработчик для callback_data: menu_osninfo от пользователя 438251622.
2024-12-02 21:48:34 - bot_logger - ERROR - Файл /bot/1.jpg не найден.
2024-12-02 21:48:34 - bot_logger - ERROR - Файл /bot/2.jpg не найден.
2024-12-02 21:48:34 - bot_logger - ERROR - Файл /bot/3.jpg не найден.
2024-12-02 21:48:34 - bot_logger - ERROR - Файл /bot/4.jpg не найден.
2024-12-02 21:48:35 - bot_logger - DEBUG - Отправлено меню 'menu_osninfo' пользователю 438251622.
2024-12-02 21:48:35 - bot_logger - DEBUG - Отправлено меню места проведения пользователю 438251622.
2024-12-02 21:48:54 - bot_logger - DEBUG - Вызван обработчик для callback_data: menu_pravila от пользователя 438251622.
2024-12-02 21:48:54 - bot_logger - ERROR - Файл /bot/timeline.png не найден.
2024-12-02 21:48:55 - bot_logger - DEBUG - Отправлено меню 'menu_pravila' пользователю 438251622.
2024-12-02 21:48:55 - bot_logger - DEBUG - Отправлено меню расписания мероприятия пользователю 438251622.
2024-12-02 21:53:51 - bot_logger - INFO - Пользователь 438251622 запустил команду /start.
2024-12-02 21:53:51 - bot_logger - DEBUG - Отправлено меню 'main_menu_registered' пользователю 438251622.
2024-12-02 21:53:53 - bot_logger - DEBUG - Вызван обработчик для callback_data: event_info от пользователя 438251622.
2024-12-02 21:53:53 - bot_logger - DEBUG - Отправлено меню 'event_info_menu' пользователю 438251622.
2024-12-02 21:53:53 - bot_logger - DEBUG - Отправлено меню информации о мероприятии пользователю 438251622.
2024-12-02 21:54:56 - bot_logger - INFO - Бот успешно инициализирован и пользователи загружены.
2024-12-02 21:54:59 - bot_logger - INFO - Пользователь 438251622 запустил команду /start.
2024-12-02 21:55:00 - bot_logger - DEBUG - Отправлено меню 'main_menu_registered' пользователю 438251622.
2024-12-02 21:55:01 - bot_logger - DEBUG - Вызван обработчик для callback_data: event_info от пользователя 438251622.
2024-12-02 21:55:01 - bot_logger - DEBUG - Отправлено меню 'event_info_menu' пользователю 438251622.
2024-12-02 21:55:01 - bot_logger - DEBUG - Отправлено меню информации о мероприятии пользователю 438251622.
2024-12-02 21:55:03 - bot_logger - DEBUG - Вызван обработчик для callback_data: menu_osninfo от пользователя 438251622.
2024-12-02 21:55:03 - bot_logger - ERROR - Файл /bot/1.jpg не найден.
2024-12-02 21:55:03 - bot_logger - ERROR - Файл /bot/2.jpg не найден.
2024-12-02 21:55:03 - bot_logger - ERROR - Файл /bot/3.jpg не найден.
2024-12-02 21:55:03 - bot_logger - ERROR - Файл /bot/4.jpg не найден.
2024-12-02 21:55:04 - bot_logger - DEBUG - Отправлено меню 'menu_osninfo' пользователю 438251622.
2024-12-02 21:55:04 - bot_logger - DEBUG - Отправлено меню места проведения пользователю 438251622.
2024-12-02 21:55:16 - bot_logger - DEBUG - Вызван обработчик для callback_data: menu_bar от пользователя 438251622.
2024-12-02 21:55:16 - bot_logger - ERROR - Файл {STORAGE_DIR}/loft.jpg не найден.
2024-12-02 21:55:16 - bot_logger - DEBUG - Отправлено меню 'menu_bar' пользователю 438251622.
2024-12-02 21:55:16 - bot_logger - DEBUG - Отправлено меню карты местности пользователю 438251622.
2024-12-02 21:58:21 - bot_logger - INFO - Бот успешно инициализирован и пользователи загружены.
2024-12-02 21:58:39 - bot_logger - INFO - Пользователь 438251622 запустил команду /start.
2024-12-02 21:58:39 - bot_logger - DEBUG - Отправлено меню 'main_menu_registered' пользователю 438251622.
2024-12-02 21:58:41 - bot_logger - DEBUG - Вызван обработчик для callback_data: event_info от пользователя 438251622.
2024-12-02 21:58:41 - bot_logger - DEBUG - Отправлено меню 'event_info_menu' пользователю 438251622.
2024-12-02 21:58:41 - bot_logger - DEBUG - Отправлено меню информации о мероприятии пользователю 438251622.
2024-12-02 21:58:43 - bot_logger - DEBUG - Вызван обработчик для callback_data: menu_bar от пользователя 438251622.
2024-12-02 21:58:43 - bot_logger - ERROR - Файл /Users/formalraindbow43/Downloads/bot_refactored_vova/data/storage/loft.jpg не найден.
2024-12-02 21:58:44 - bot_logger - DEBUG - Отправлено меню 'menu_bar' пользователю 438251622.
2024-12-02 21:58:44 - bot_logger - DEBUG - Отправлено меню карты местности пользователю 438251622.
2024-12-02 21:59:03 - bot_logger - DEBUG - Вызван обработчик для callback_data: menu_bar от пользователя 438251622.
2024-12-02 21:59:04 - bot_logger - DEBUG - Отправлено меню 'menu_bar' пользователю 438251622.
2024-12-02 21:59:04 - bot_logger - DEBUG - Отправлено меню карты местности пользователю 438251622.
2024-12-02 22:06:24 - bot_logger - INFO - Пользователь 438251622 запустил команду /start.
2024-12-02 22:55:40 - bot_logger - INFO - Бот успешно инициализирован и пользователи загружены.
2024-12-02 23:07:34 - bot_logger - INFO - Пользователь 438251622 запустил команду /start.
2024-12-02 23:08:42 - bot_logger - INFO - Бот успешно инициализирован и пользователи загружены.
2024-12-02 23:08:45 - bot_logger - INFO - Пользователь 438251622 запустил команду /start.
2024-12-02 23:08:45 - bot_logger - DEBUG - Отправлено меню 'main_menu_registered' пользователю 438251622.
2024-12-02 23:08:45 - bot_logger - INFO - Отправлено приветственное сообщение пользователю 438251622.
2024-12-02 23:08:47 - bot_logger - DEBUG - Вызван обработчик для callback_data: send__result от пользователя 438251622.
2024-12-02 23:08:47 - bot_logger - DEBUG - Пользователь 438251622 инициировал сверку данных.
2024-12-02 23:08:47 - bot_logger - ERROR - Файл JSON не найден: /Users/formalraindbow43/Downloads/bot_refactored_vova/data/storage/guests_ns2024.json.
2024-12-02 23:08:47 - bot_logger - ERROR - Файл учетных данных не найден: /Users/formalraindbow43/Downloads/bot_refactored_vova/data/storage/ns2024-683591222f43.json.
2024-12-02 23:08:47 - bot_logger - DEBUG - JSON данные нормализованы.
2024-12-02 23:08:47 - bot_logger - DEBUG - Данные из Google Sheets нормализованы.
2024-12-02 23:08:47 - bot_logger - INFO - Результат сверки отправлен пользователю 438251622.
2024-12-02 23:08:51 - bot_logger - DEBUG - Вызван обработчик для callback_data: event_info от пользователя 438251622.
2024-12-02 23:08:51 - bot_logger - DEBUG - Отправлено меню 'event_info_menu' пользователю 438251622.
2024-12-02 23:08:51 - bot_logger - DEBUG - Отправлено меню информации о мероприятии пользователю 438251622.
